0 info it worked if it ends with ok
1 verbose cli [ '/usr/local/bin/node', '/usr/local/bin/npm', 'run', 'publish' ]
2 info using npm@3.10.3
3 info using node@v6.4.0
4 verbose run-script [ 'prepublish', 'publish', 'postpublish' ]
5 info lifecycle react-tablix@1.1.11~prepublish: react-tablix@1.1.11
6 silly lifecycle react-tablix@1.1.11~prepublish: no script for prepublish, continuing
7 info lifecycle react-tablix@1.1.11~publish: react-tablix@1.1.11
8 verbose lifecycle react-tablix@1.1.11~publish: unsafe-perm in lifecycle true
9 verbose lifecycle react-tablix@1.1.11~publish: PATH: /usr/local/lib/node_modules/npm/bin/node-gyp-bin:/Users/chenming/Documents/GitHub/react-tablix/node_modules/.bin:/usr/local/bin:/Library/Frameworks/Python.framework/Versions/3.6/bin:/Library/Frameworks/Python.framework/Versions/3.6/bin:/usr/local/bin:/usr/bin:/bin:/usr/sbin:/sbin:/Applications/VMware Fusion.app/Contents/Public:/usr/local/share/dotnet:/Library/Frameworks/Mono.framework/Versions/Current/Commands:/Library/Frameworks/Python.framework/Versions/3.6/bin:/Users/chenming/Library/Android/sdk/tools:/Users/chenming/Library/Android/sdk/platform-tools:/usr/local/mysql/bin:/Users/chenming/Library/Android/sdk/tools:/Users/chenming/Library/Android/sdk/platform-tools:/usr/local/mysql/bin
10 verbose lifecycle react-tablix@1.1.11~publish: CWD: /Users/chenming/Documents/GitHub/react-tablix
11 silly lifecycle react-tablix@1.1.11~publish: Args: [ '-c', 'npm publish --registry=https://registry.npmjs.org' ]
12 silly lifecycle react-tablix@1.1.11~publish: Returned: code: 1  signal: null
13 info lifecycle react-tablix@1.1.11~publish: Failed to exec publish script
14 verbose stack Error: react-tablix@1.1.11 publish: `npm publish --registry=https://registry.npmjs.org`
14 verbose stack Exit status 1
14 verbose stack     at EventEmitter.<anonymous> (/usr/local/lib/node_modules/npm/lib/utils/lifecycle.js:242:16)
14 verbose stack     at emitTwo (events.js:106:13)
14 verbose stack     at EventEmitter.emit (events.js:191:7)
14 verbose stack     at ChildProcess.<anonymous> (/usr/local/lib/node_modules/npm/lib/utils/spawn.js:40:14)
14 verbose stack     at emitTwo (events.js:106:13)
14 verbose stack     at ChildProcess.emit (events.js:191:7)
14 verbose stack     at maybeClose (internal/child_process.js:852:16)
14 verbose stack     at Process.ChildProcess._handle.onexit (internal/child_process.js:215:5)
15 verbose pkgid react-tablix@1.1.11
16 verbose cwd /Users/chenming/Documents/GitHub/react-tablix
17 error Darwin 17.6.0
18 error argv "/usr/local/bin/node" "/usr/local/bin/npm" "run" "publish"
19 error node v6.4.0
20 error npm  v3.10.3
21 error code ELIFECYCLE
22 error react-tablix@1.1.11 publish: `npm publish --registry=https://registry.npmjs.org`
22 error Exit status 1
23 error Failed at the react-tablix@1.1.11 publish script 'npm publish --registry=https://registry.npmjs.org'.
23 error Make sure you have the latest version of node.js and npm installed.
23 error If you do, this is most likely a problem with the react-tablix package,
23 error not with npm itself.
23 error Tell the author that this fails on your system:
23 error     npm publish --registry=https://registry.npmjs.org
23 error You can get information on how to open an issue for this project with:
23 error     npm bugs react-tablix
23 error Or if that isn't available, you can get their info via:
23 error     npm owner ls react-tablix
23 error There is likely additional logging output above.
24 verbose exit [ 1, true ]
